<?xml version="1.0" encoding="UTF-8"?>
<!-- Generated by org.testng.reporters.JUnitReportReporter -->
<testsuite hostname="LAPTOP-HGPFVRNA" failures="0" tests="1" name="Pack2.c4" time="20.682" errors="0" timestamp="2023-01-02T17:42:34 IST" skipped="0">
  <testcase classname="Pack2.c4" name="implicit" time="20.682"/>
  <system-out/>
</testsuite> <!-- Pack2.c4 -->
