<?xml version="1.0" encoding="UTF-8"?>
<!-- Generated by org.testng.reporters.JUnitReportReporter -->
<testsuite hostname="LAPTOP-HGPFVRNA" failures="0" tests="1" name="Pack1.c1" time="6.789" errors="0" timestamp="2023-01-02T17:42:34 IST" skipped="0">
  <testcase classname="Pack1.c1" name="im" time="6.789"/>
  <system-out/>
</testsuite> <!-- Pack1.c1 -->
