<?xml version="1.0" encoding="UTF-8"?>
<!-- Generated by org.testng.reporters.JUnitReportReporter -->
<testsuite hostname="LAPTOP-HGPFVRNA" failures="0" tests="4" name="data_providers.d1" time="16.934" errors="0" timestamp="2023-01-04T10:09:27 IST" skipped="0">
  <testcase classname="data_providers.d1" name="DataProvSampleTest" time="4.634"/>
  <system-out/>
  <testcase classname="data_providers.d1" name="DataProvSampleTest" time="4.160"/>
  <system-out/>
  <testcase classname="data_providers.d1" name="DataProvSampleTest" time="4.153"/>
  <system-out/>
  <testcase classname="data_providers.d1" name="DataProvSampleTest" time="3.987"/>
  <system-out/>
</testsuite> <!-- data_providers.d1 -->
