<?xml version="1.0" encoding="UTF-8"?>
<!-- Generated by org.testng.reporters.JUnitReportReporter -->
<testsuite hostname="LAPTOP-HGPFVRNA" failures="0" tests="4" name="data_providers.d3" time="35.861" errors="0" timestamp="2023-01-04T15:09:29 IST" skipped="0">
  <testcase classname="data_providers.d3" name="login" time="10.060"/>
  <system-out/>
  <testcase classname="data_providers.d3" name="login" time="8.201"/>
  <system-out/>
  <testcase classname="data_providers.d3" name="login" time="9.094"/>
  <system-out/>
  <testcase classname="data_providers.d3" name="login" time="8.506"/>
  <system-out/>
</testsuite> <!-- data_providers.d3 -->
