<?xml version="1.0" encoding="UTF-8"?>
<!-- Generated by org.testng.reporters.JUnitReportReporter -->
<testsuite hostname="LAPTOP-HGPFVRNA" failures="0" tests="3" name="data_providers.d2" time="19.060" errors="0" timestamp="2023-01-04T10:04:27 IST" skipped="0">
  <testcase classname="data_providers.d2" name="DataProvSampleTest" time="5.531"/>
  <system-out/>
  <testcase classname="data_providers.d2" name="DataProvSampleTest" time="5.275"/>
  <system-out/>
  <testcase classname="data_providers.d2" name="DataProvSampleTest" time="8.254"/>
  <system-out/>
</testsuite> <!-- data_providers.d2 -->
