<?xml version="1.0" encoding="UTF-8"?>
<!-- Generated by org.testng.reporters.JUnitReportReporter -->
<testsuite hostname="LAPTOP-HGPFVRNA" failures="0" tests="1" name="excel.t2" time="2.006" errors="0" timestamp="2023-01-03T10:02:13 IST" skipped="0">
  <testcase classname="excel.t2" name="r1" time="2.006"/>
  <system-out/>
</testsuite> <!-- excel.t2 -->
