<?xml version="1.0" encoding="UTF-8"?>
<!-- Generated by org.testng.reporters.JUnitReportReporter -->
<testsuite hostname="LAPTOP-HGPFVRNA" failures="0" tests="1" name="extent.e1" time="2.643" errors="0" timestamp="2023-01-09T11:41:16 IST" skipped="0">
  <testcase classname="extent.e1" name="extentReportsDemo" time="2.643"/>
  <system-out/>
</testsuite> <!-- extent.e1 -->
