<?xml version="1.0" encoding="UTF-8"?>
<!-- Generated by org.testng.reporters.JUnitReportReporter -->
<testsuite hostname="LAPTOP-HGPFVRNA" failures="0" tests="5" name="data_providers.d4" time="38.144" errors="0" timestamp="2023-01-04T11:41:28 IST" skipped="0">
  <testcase classname="data_providers.d4" name="type" time="8.027"/>
  <system-out/>
  <testcase classname="data_providers.d4" name="type" time="7.149"/>
  <system-out/>
  <testcase classname="data_providers.d4" name="type" time="7.826"/>
  <system-out/>
  <testcase classname="data_providers.d4" name="type" time="7.572"/>
  <system-out/>
  <testcase classname="data_providers.d4" name="type" time="7.570"/>
  <system-out/>
</testsuite> <!-- data_providers.d4 -->
