<?xml version="1.0" encoding="UTF-8"?>
<!-- Generated by org.testng.reporters.JUnitReportReporter -->
<testsuite hostname="LAPTOP-HGPFVRNA" failures="0" tests="4" name="data_providers.d5" time="27.005" errors="0" timestamp="2023-01-04T11:40:31 IST" skipped="0">
  <testcase classname="data_providers.d5" name="login" time="7.028"/>
  <system-out/>
  <testcase classname="data_providers.d5" name="login" time="6.743"/>
  <system-out/>
  <testcase classname="data_providers.d5" name="login" time="6.654"/>
  <system-out/>
  <testcase classname="data_providers.d5" name="login" time="6.580"/>
  <system-out/>
</testsuite> <!-- data_providers.d5 -->
